Skipping repository : [Filtered] - raised exception
Check repo : https://bitbucket.org/alok097/moodle.git u=https: r=
Check repo : https://bitbucket.org/Anthony_Paillard/pangora-life.git u=https: r=
Check repo : https://bitbucket.org/Dr_E/iconic.git u=https: r=
Check repo : https://bitbucket.org/gurbrindersingh/scrapper.git u=https: r=
Check repo : https://bitbucket.org/itsCamOdell/gamdesignfinal.git u=https: r=
Check repo : https://bitbucket.org/itsCamOdell/gamdesignsource.git u=https: r=
Check repo : https://bitbucket.org/JavierAmR/fps-unity.git u=https: r=
Check repo : https://bitbucket.org/karthikabinav/reusable_matching_codes.git u=https: r=
Check repo : https://bitbucket.org/Mr_BalaBrahmaiah/matlab-opera.git u=https: r=
Check repo : https://bitbucket.org/shadowhawk092/game-file.git u=https: r=
Check repo : https://bitbucket.org/themonkeymixer/zte-warp-cm9.git u=https: r=
Check repo : https://bitbucket.org/toopub/mm.git u=https: r=
Check repo : https://bitbucket.org/xuandac/db_edx.git u=https: r=
Check repo : https://bitbucket.org/zenoalbisser/webkit.git u=https: r=
Check repo : https://framagit.org/flo_lemiere/app_repository.git u=https: r=
Check repo : https://framagit.org/masuit/soft.git u=https: r=
Check repo : https://framagit.org/Steph/ptx4.git u=https: r=
Skipping repository : https://github.com/basaba/azure-docs - raised exception
Got 403, probably no more steam: limit 5000, remaining 0
Restart from: https://github.com/baselsalam/azure-docs
Sleeping for : 1800 seconds
Got 403, probably no more steam: limit 5000, remaining 4560
Restart from: https://github.com/conquerv0/Renaissance
Skipping repository : https://github.com/conquerv0/Renaissance; raised 403 with 4560 API ratelimit
500
Got 403, probably no more steam: limit 5000, remaining 1329
Restart from: https://github.com/ds-madhavan-ramani/PvtBooks
Skipping repository : https://github.com/ds-madhavan-ramani/PvtBooks; raised 403 with 1329 API ratelimit
Got 403, probably no more steam: limit 5000, remaining 0
Restart from: https://github.com/EugeneJao/webkit
Sleeping for : 1800 seconds
Skipping repository : [Filtered] - raised exception
Check repo : https://bitbucket.org/alok097/moodle.git u=https: r=
Check repo : https://bitbucket.org/Anthony_Paillard/pangora-life.git u=https: r=
Check repo : https://bitbucket.org/Dr_E/iconic.git u=https: r=
Check repo : https://bitbucket.org/gurbrindersingh/scrapper.git u=https: r=
Check repo : https://bitbucket.org/itsCamOdell/gamdesignfinal.git u=https: r=
Check repo : https://bitbucket.org/itsCamOdell/gamdesignsource.git u=https: r=
Check repo : https://bitbucket.org/JavierAmR/fps-unity.git u=https: r=
Check repo : https://bitbucket.org/karthikabinav/reusable_matching_codes.git u=https: r=
Check repo : https://bitbucket.org/Mr_BalaBrahmaiah/matlab-opera.git u=https: r=
Check repo : https://bitbucket.org/shadowhawk092/game-file.git u=https: r=
Check repo : https://bitbucket.org/themonkeymixer/zte-warp-cm9.git u=https: r=
Check repo : https://bitbucket.org/toopub/mm.git u=https: r=
Check repo : https://bitbucket.org/xuandac/db_edx.git u=https: r=
Check repo : https://bitbucket.org/zenoalbisser/webkit.git u=https: r=
Check repo : https://framagit.org/flo_lemiere/app_repository.git u=https: r=
Check repo : https://framagit.org/masuit/soft.git u=https: r=
Check repo : https://framagit.org/Steph/ptx4.git u=https: r=
Got 403, probably no more steam: limit 5000, remaining 4814
Restart from: https://github.com/conquerv0/Renaissance
Skipping repository : https://github.com/conquerv0/Renaissance; raised 403 with 4814 API ratelimit
Got 403, probably no more steam: limit 5000, remaining 4751
Restart from: https://github.com/ds-madhavan-ramani/PvtBooks
Skipping repository : https://github.com/ds-madhavan-ramani/PvtBooks; raised 403 with 4751 API ratelimit
Got 403, probably no more steam: limit 5000, remaining 2486
Restart from: https://github.com/haothu/eBooks
Skipping repository : https://github.com/haothu/eBooks; raised 403 with 2486 API ratelimit
Got 403, probably no more steam: limit 5000, remaining 3541
Restart from: https://github.com/kanglicheng/books
Skipping repository : https://github.com/kanglicheng/books; raised 403 with 3541 API ratelimit
Got 403, probably no more steam: limit 5000, remaining 1180
Restart from: https://github.com/Mokhatla/quantstuff
Skipping repository : https://github.com/Mokhatla/quantstuff; raised 403 with 1180 API ratelimit
Got 403, probably no more steam: limit 5000, remaining 0
Restart from: https://github.com/peder-andfrankly/azure-docs
Sleeping for : 1800 seconds
Got 403, probably no more steam: limit 5000, remaining 3603
Restart from: https://github.com/SanteauX/ForkedBooks
Skipping repository : https://github.com/SanteauX/ForkedBooks; raised 403 with 3603 API ratelimit
Got 403, probably no more steam: limit 5000, remaining 0
Restart from: https://github.com/yan96in/MPS
Sleeping for : 1800 seconds
Check repo : https://gitlab.com/0ad/0ad.git u=https: r=
Check repo : https://gitlab.com/0EFB6/wilson-arch-iso.git u=https: r=
Check repo : https://gitlab.com/accessable-net/OpenClash.git u=https: r=
Check repo : https://gitlab.com/acroitor/www-gitlab-com.git u=https: r=
Check repo : https://gitlab.com/ahmedmoselhi/online-feeds.git u=https: r=
Check repo : https://gitlab.com/aivsim/www-gitlab-com.git u=https: r=
Check repo : https://gitlab.com/alexxmor84/tds_project.git u=https: r=
Check repo : https://gitlab.com/almtoolbox/www-gitlab-com.git u=https: r=
Check repo : https://gitlab.com/amaroklinux/testing.git u=https: r=
Check repo : https://gitlab.com/amurbekhahov/tds-project.git u=https: r=
Check repo : https://gitlab.com/andre.es/jpdc_sbac-pad-2021.git u=https: r=
Check repo : https://gitlab.com/Andresisky/Sorcerers_Corruption.git u=https: r=
Check repo : https://gitlab.com/Android-Dumps/oplus/ossi.git u=https: r=
Check repo : https://gitlab.com/Android-Dumps/redmi/dandelion.git u=https: r=
Check repo : https://gitlab.com/Android-Dumps/redmi/fog.git u=https: r=
Check repo : https://gitlab.com/Android-Dumps/redmi/merlin.git u=https: r=
Check repo : https://gitlab.com/Android-Dumps/samsung/x1q.git u=https: r=
Check repo : https://gitlab.com/Android-Dumps/xiaomi/lisa.git u=https: r=
Check repo : https://gitlab.com/Android-Dumps/xiaomi/mihal.git u=https: r=
Check repo : https://gitlab.com/andyholst/manjaro-arch-linux-backup.git u=https: r=
Check repo : https://gitlab.com/anhng/ZL.git u=https: r=
Check repo : https://gitlab.com/AntonYannis/www-gitlab-com.git u=https: r=
Check repo : https://gitlab.com/AquariOS/prebuilts_clang_host_linux-x86.git u=https: r=
Check repo : https://gitlab.com/ardelsaut/base.git u=https: r=
Check repo : https://gitlab.com/asdoi/colorrush.git u=https: r=
Check repo : https://gitlab.com/ashish_aosp/prebuilts/android-emulator.git u=https: r=
Check repo : https://gitlab.com/aventyrsspel/rollspel.git u=https: r=
Check repo : https://gitlab.com/avritichauhan/archives-2019.git u=https: r=
Check repo : https://gitlab.com/axet/omim.git u=https: r=
Check repo : https://gitlab.com/axil/www-gitlab-com.git u=https: r=
Check repo : https://gitlab.com/balajirai/www-gitlab-com.git u=https: r=
Check repo : https://gitlab.com/Balamurali.Mohandass/ecrash_coverage.git u=https: r=
Check repo : https://gitlab.com/Balamurali.Mohandass/ecrash_for_improvement.git u=https: r=
Check repo : https://gitlab.com/Balamurali.Mohandass/ecrash_json_error.git u=https: r=
Check repo : https://gitlab.com/bdubyah/Testing.git u=https: r=
Check repo : https://gitlab.com/bhekkelman/sharing-is-caring.git u=https: r=
Check repo : https://gitlab.com/biancapower/www-gitlab-com.git u=https: r=
Check repo : https://gitlab.com/biscuit-0/www-gitlab-com.git u=https: r=
Check repo : https://gitlab.com/BlueKenny/proprietary_vendor_xiaomi.git u=https: r=
Check repo : https://gitlab.com/BMayer/lme.git u=https: r=
Check repo : https://gitlab.com/bob4burg/poc.git u=https: r=
Check repo : https://gitlab.com/Boos4721/pixelexperience-backup.git u=https: r=
Check repo : https://gitlab.com/boxdumps/redmi_spes_dump.git u=https: r=
Check repo : https://gitlab.com/BQpuc/tds.git u=https: r=
Check repo : https://gitlab.com/brian0218/rk3188_android5.1-mid-sdk.git u=https: r=
Check repo : https://gitlab.com/btabbert/www-gitlab-com.git u=https: r=
Check repo : https://gitlab.com/bubblecrack/tps_project.git u=https: r=
Check repo : https://gitlab.com/bucknerct/macbook-os-mirror.git u=https: r=
Check repo : https://gitlab.com/buktemirlnk/mirrors.git u=https: r=
Check repo : https://gitlab.com/bussiere/boardgamesrules.git u=https: r=
Check repo : https://gitlab.com/c3sammy/cdownloader.git u=https: r=
Check repo : https://gitlab.com/carlos_fernandez_garcia99/trabajo3.git u=https: r=
Check repo : https://gitlab.com/catpea/furkies-purrkies.git u=https: r=
Check repo : https://gitlab.com/catpea/website.git u=https: r=
Check repo : https://gitlab.com/cchaudier/www-gitlab-com.git u=https: r=
Check repo : https://gitlab.com/chengwei.chen/www-gitlab-com.git u=https: r=
Check repo : https://gitlab.com/chil360/vendor_gapps.git u=https: r=
Check repo : https://gitlab.com/clearkagami/test.git u=https: r=
Check repo : https://gitlab.com/Clisth/wowprivatefreeze.git u=https: r=
Check repo : https://gitlab.com/clnb/cdtanco03.git u=https: r=
Check repo : https://gitlab.com/Cntowergun/dashing-tools-public.git u=https: r=
Check repo : https://gitlab.com/Cntowergun/food-release.git u=https: r=
Check repo : https://gitlab.com/codeaurora-mirror/kernel/msm-3.10.git u=https: r=
Check repo : https://gitlab.com/codeaurora-mirror/kernel/msm-3.18.git u=https: r=
Check repo : https://gitlab.com/codeaurora-mirror/kernel/msm-4.4.git u=https: r=
Check repo : https://gitlab.com/codeaurora-mirror/platform/tools/external/gradle.git u=https: r=
Check repo : https://gitlab.com/CompSciGuyIT/UE5_DungeonCrawler.git u=https: r=
Check repo : https://gitlab.com/curtainos/bin-repo.git u=https: r=
Check repo : https://gitlab.com/danieldietsch/archives-2021.git u=https: r=
Check repo : https://gitlab.com/davemclaughlin/androidnanopct3.git u=https: r=
Check repo : https://gitlab.com/davidkazuhiro/www-gitlab-com.git u=https: r=
Check repo : https://gitlab.com/deamonpog/doiz.git u=https: r=
Check repo : https://gitlab.com/deflorator1980/recognition_of_my_handwritten_digits.git u=https: r=
Check repo : https://gitlab.com/denis.rosset/hd23249.git u=https: r=
Check repo : https://gitlab.com/developbackdevelop/android.git u=https: r=
Check repo : https://gitlab.com/devsAnthares/anthares.git u=https: r=
Check repo : https://gitlab.com/DirtyUnicorns/android_prebuilts_clang_host_linux-x86.git u=https: r=
Check repo : https://gitlab.com/docHD/dochd-proprietary-vendor-oneplus.git u=https: r=
Check repo : https://gitlab.com/dragonGR/proprietary_vendor_oneplus.git u=https: r=
Check repo : https://gitlab.com/dreamchip/provideo-downloads.git u=https: r=
Check repo : https://gitlab.com/DrPhilippe/texthese.git u=https: r=
Check repo : https://gitlab.com/dtdavis70/www-gitlab-com.git u=https: r=
Check repo : https://gitlab.com/DUST2DEATH/hdhq.git u=https: r=
Check repo : https://gitlab.com/dvdcherri/public-downloads.git u=https: r=
Check repo : https://gitlab.com/dzwietering/coradar.git u=https: r=
Check repo : https://gitlab.com/dzwietering/coralwmc.git u=https: r=
Check repo : https://gitlab.com/EcrosoftXiao/vendor_gapps.git u=https: r=
Check repo : https://gitlab.com/edesur/es-compras-foundation.git u=https: r=
Check repo : https://gitlab.com/edoput/0ad.git u=https: r=
Check repo : https://gitlab.com/edstub207/www-gitlab-com.git u=https: r=
Check repo : https://gitlab.com/edumag/papiliov.git u=https: r=
Check repo : https://gitlab.com/EiF-Public/patch-files.git u=https: r=
Check repo : https://gitlab.com/eipi-1/www-gitlab-com.git u=https: r=
Check repo : https://gitlab.com/EladLeev/www-gitlab-com.git u=https: r=
Check repo : https://gitlab.com/elijahisspeaking/top-dawn-shooter.git u=https: r=
Check repo : https://gitlab.com/emrj2020gdl/www-gitlab-com.git u=https: r=
Check repo : https://gitlab.com/enidawi/www-gitlab-com.git u=https: r=
Check repo : https://gitlab.com/EnzoMartin/www-gitlab-com.git u=https: r=
Check repo : https://gitlab.com/EricMinick/www-gitlab-com.git u=https: r=
Check repo : https://gitlab.com/evankrell/USV_MissionPlanning.git u=https: r=
Check repo : https://gitlab.com/EvilEmperor/DeadIsland.git u=https: r=
Check repo : https://gitlab.com/f507/paint-splash-main.git u=https: r=
Check repo : https://gitlab.com/fairen777/fullmetalshell.git u=https: r=
Check repo : https://gitlab.com/Felvesthe/android_vendor_gapps.git u=https: r=
Check repo : https://gitlab.com/feren-os/feren-repositories-bionic.git u=https: r=
Check repo : https://gitlab.com/feren-os/feren-repositories-neon-focal.git u=https: r=
Check repo : https://gitlab.com/FGMEMBERS-TERRAGIT/e000n40-terrain.git u=https: r=
Check repo : https://gitlab.com/FGMEMBERS-TERRAGIT/w010n40-terrain.git u=https: r=
Check repo : https://gitlab.com/Firefly2467/plain-html.git u=https: r=
Check repo : https://gitlab.com/Flakky/stream-survival.git u=https: r=
Check repo : https://gitlab.com/fnnezami/project-westdrive.git u=https: r=
Check repo : https://gitlab.com/frankiezafe/marionnettes.git u=https: r=
Check repo : https://gitlab.com/ftcommunity/website-hugo-poc.git u=https: r=
Check repo : https://gitlab.com/fuldaros/arm64.git u=https: r=
Check repo : https://gitlab.com/fuldaros/arm.git u=https: r=
Check repo : https://gitlab.com/fybwid/www-gitlab-com.git u=https: r=
Check repo : https://gitlab.com/gabrielle_lafontaine/www-gitlab-com.git u=https: r=
Check repo : https://gitlab.com/gamesnextline/www-gitlab-com.git u=https: r=
Check repo : https://gitlab.com/ganich__88/tds_project.git u=https: r=
Check repo : https://gitlab.com/geniy7ea/tds_project.git u=https: r=
Check repo : https://gitlab.com/geo47/DeadSpaceStation.git u=https: r=
Check repo : https://gitlab.com/geoocean/courses/risk.git u=https: r=
Check repo : https://gitlab.com/ggyanxin/chromium.git u=https: r=
Check repo : https://gitlab.com/ghostrider-reborn/android_vendor_google_gms.git u=https: r=
Check repo : https://gitlab.com/gilangmlr/www-gitlab-com.git u=https: r=
Check repo : https://gitlab.com/gitlabcn/www-gitlab-com.git u=https: r=
Check repo : https://gitlab.com/gitlab-com/www-gitlab-com.git u=https: r=
Check repo : https://gitlab.com/giuseppetorre/bodhilinuxmedia.git u=https: r=
Check repo : https://gitlab.com/google-group/platform/prebuilts/clang/host/linux-x86.git u=https: r=
Check repo : https://gitlab.com/grapheneos/platform_external_vanadium.git u=https: r=
Check repo : https://gitlab.com/GummySarHack/pacman.git u=https: r=
Check repo : https://gitlab.com/HackersCardgame/HackersCardgame10.git u=https: r=
Check repo : https://gitlab.com/Hadenix1/redmi_picasso_dump.git u=https: r=
Check repo : https://gitlab.com/hearthquiz/hearthquiz-images.git u=https: r=
Check repo : https://gitlab.com/henrypoydar/www-gitlab-com.git u=https: r=
Check repo : https://gitlab.com/hercarr.mx/tire-data.git u=https: r=
Check repo : https://gitlab.com/HRT-713/devrant-private-library.git u=https: r=
Check repo : https://gitlab.com/iamsaswata/iitb_civil_hpc_13.git u=https: r=
Check repo : https://gitlab.com/iamsaswata/iitb_civil_hpc_14.git u=https: r=
Check repo : https://gitlab.com/iamsaswata/iitb_civil_hpc_15.git u=https: r=
Check repo : https://gitlab.com/iamsaswata/iitb_civil_hpc_20.git u=https: r=
Check repo : https://gitlab.com/iamsaswata/iitb_civil_hpc_21.git u=https: r=
Check repo : https://gitlab.com/iamsaswata/iitb_civil_hpc_24.git u=https: r=
Check repo : https://gitlab.com/iamsaswata/iitb_civil_hpc_32.git u=https: r=
Check repo : https://gitlab.com/iamsaswata/iitb_civil_hpc_40.git u=https: r=
Check repo : https://gitlab.com/iamsaswata/iitb_civil_hpc_41.git u=https: r=
Check repo : https://gitlab.com/iamsaswata/iitb_civil_hpc_44.git u=https: r=
Check repo : https://gitlab.com/icooper-acp/www-gitlab-com.git u=https: r=
Check repo : https://gitlab.com/iLychevAD/www-gitlab-com.git u=https: r=
Check repo : https://gitlab.com/ItsVixano/odin_dump.git u=https: r=
Check repo : https://gitlab.com/jabahatka/snakeupdatedafterfailure.git u=https: r=
Check repo : https://gitlab.com/jamie.wang/artifact.git u=https: r=
Check repo : https://gitlab.com/JanFo/towerdefenseprototype.git u=https: r=
Check repo : https://gitlab.com/janosch_maier/www-gitlab-com.git u=https: r=
Check repo : https://gitlab.com/jasonpatrickellykrause/www-gitlab-com.git u=https: r=
Check repo : https://gitlab.com/jaywjay/www-gitlab-com.git u=https: r=
Check repo : https://gitlab.com/jbraughler/www-gitlab-com.git u=https: r=
Check repo : https://gitlab.com/jeffi7/www-gitlab-com.git u=https: r=
Check repo : https://gitlab.com/jjyyhome/ookkcore/ubuntuserver/base-ubuntu.git u=https: r=
Check repo : https://gitlab.com/j.mundy/www-gitlab-com.git u=https: r=
Check repo : https://gitlab.com/jrachel1/www-gitlab-com.git u=https: r=
Check repo : https://gitlab.com/kalimpieva95/yoga.git u=https: r=
Check repo : https://gitlab.com/Keerthish/OFM.git u=https: r=
Check repo : https://gitlab.com/KhaineGB/darkness-falls-a20.git u=https: r=
Check repo : https://gitlab.com/KimLock/www-gitlab-com.git u=https: r=
Check repo : https://gitlab.com/korchuganov1010/stream-survival.git u=https: r=
Check repo : https://gitlab.com/kosys/kosys-ep03-part2.git u=https: r=
Check repo : https://gitlab.com/kreativekorp/vexillo.git u=https: r=
Check repo : https://gitlab.com/Kubrakov/jsontomongodb.git u=https: r=
Check repo : https://gitlab.com/Leonid_Panasenko/top-down-shooter.git u=https: r=
Check repo : https://gitlab.com/Lesha_Lozhkin/7project-7.git u=https: r=
Check repo : https://gitlab.com/liweigao01/FireNow-Marshmallow.git u=https: r=
Check repo : https://gitlab.com/LoongPenguin/x3288_lollipop.git u=https: r=
Check repo : https://gitlab.com/lopezsepulcre/h2dispersal.git u=https: r=
Check repo : https://gitlab.com/losoco/firenow-oreo-rk3399.git u=https: r=
Check repo : https://gitlab.com/lund76/www-gitlab-com.git u=https: r=
Check repo : https://gitlab.com/ma007ma/stream-survival.git u=https: r=
Check repo : https://gitlab.com/marrucci25/vendor_gapps.git u=https: r=
Check repo : https://gitlab.com/matthewstidham/amtrakroutes.git u=https: r=
Check repo : https://gitlab.com/max-allan1/www-gitlab-com.git u=https: r=
Check repo : https://gitlab.com/mirror_/lantern-binaries.git u=https: r=
Check repo : https://gitlab.com/mizoru/datasets.git u=https: r=
Check repo : https://gitlab.com/moiennepe/myue4proj_dissff_s1.git u=https: r=
Check repo : https://gitlab.com/moiennepe/myunityprojaudio001q.git u=https: r=
Check repo : https://gitlab.com/moiennepe/myunityprojaudio001t.git u=https: r=
Check repo : https://gitlab.com/moiennepe/myunitytex001.git u=https: r=
Check repo : https://gitlab.com/monikabmastech/www-gitlab-com.git u=https: r=
Check repo : https://gitlab.com/mrichetta/www-gitlab-com.git u=https: r=
Check repo : https://gitlab.com/mw2-r-public/mw2r-downloadfiles.git u=https: r=
Check repo : https://gitlab.com/mwalker5000/www-gitlab-com.git u=https: r=
Check repo : https://gitlab.com/mxwlrzytyl/whygssqqxjqhm.git u=https: r=
Check repo : https://gitlab.com/najahi/clang.git u=https: r=
Check repo : https://gitlab.com/nanodeath/www-gitlab-com.git u=https: r=
Check repo : https://gitlab.com/neeralin/vrdl-hw4.git u=https: r=
Check repo : https://gitlab.com/Neil19960405/WildGame.git u=https: r=
Check repo : https://gitlab.com/Nellyth/valheim-01.2022.git u=https: r=
Check repo : https://gitlab.com/newton/www-gitlab-com.git u=https: r=
Check repo : https://gitlab.com/nicholasklick/www-gitlab-com.git u=https: r=
Check repo : https://gitlab.com/nick.thomas/www-gitlab-com.git u=https: r=
Check repo : https://gitlab.com/Ninezis/topdownshooter.git u=https: r=
Check repo : https://gitlab.com/n-robles/survivalforestvr.git u=https: r=
Check repo : https://gitlab.com/Odin1993/semantic-web-technology.git u=https: r=
Check repo : https://gitlab.com/openbsd98324/netbsd-live.git u=https: r=
Check repo : https://gitlab.com/openbsd98324/retropie.git u=https: r=
Check repo : https://gitlab.com/openbsd98324/slackware.git u=https: r=
Check repo : https://gitlab.com/openingdesign/101_W_33rd_St.git u=https: r=
Check repo : https://gitlab.com/openingdesign/kegonsa_east_2.git u=https: r=
Check repo : https://gitlab.com/perkedel/After-Church.git u=https: r=
Check repo : https://gitlab.com/perpff/elle-singularity-file.git u=https: r=
Check repo : https://gitlab.com/PincongBot/qdaily.git u=https: r=
Check repo : https://gitlab.com/Pivojed/www-gitlab-com.git u=https: r=
Check repo : https://gitlab.com/PixelExperience/vendor_gapps.git u=https: r=
Check repo : https://gitlab.com/PlantGenomicsLab/coniferannotations.git u=https: r=
Check repo : https://gitlab.com/pmtools/www-gitlab-com.git u=https: r=
Check repo : https://gitlab.com/polinetwork/info3y.git u=https: r=
Check repo : https://gitlab.com/PolushkinaZhenya/sveden.git u=https: r=
Check repo : https://gitlab.com/ponces/vendor_gapps.git u=https: r=
Check repo : https://gitlab.com/powerstarMap/powerstarmap.git u=https: r=
Check repo : https://gitlab.com/projetossejaprime/sejaprimeweb.git u=https: r=
Check repo : https://gitlab.com/prothesman/rk3399-android-8.1.git u=https: r=
Check repo : https://gitlab.com/prpatil12/linux.git u=https: r=
Check repo : https://gitlab.com/qufa/qufa.git u=https: r=
Check repo : https://gitlab.com/RahifM/proprietary_vendor_xiaomi.git u=https: r=
Check repo : https://gitlab.com/rainy.lin2006/nps_compati_packs.git u=https: r=
Check repo : https://gitlab.com/Raymondaud.Q/lia-alternance-m2.git u=https: r=
Check repo : https://gitlab.com/RiccardoMaglione/meleeproject.git u=https: r=
Check repo : https://gitlab.com/Rich_199/snake_game.git u=https: r=
Check repo : https://gitlab.com/Riota/dz_c.git u=https: r=
Check repo : https://gitlab.com/rockchip_android_r/platform/frameworks/base.git u=https: r=
Check repo : https://gitlab.com/rockchip_android_s/platform/frameworks/base.git u=https: r=
Check repo : https://gitlab.com/romandviski/sk_topshooter.git u=https: r=
Check repo : https://gitlab.com/Roxor-007/proprietary_vendor_xiaomi.git u=https: r=
Check repo : https://gitlab.com/rpadovani/www-gitlab-com.git u=https: r=
Check repo : https://gitlab.com/rpdzkj/rk3288_16.04.git u=https: r=
Check repo : https://gitlab.com/rsakhale/www-gitlab-com.git u=https: r=
Check repo : https://gitlab.com/rswartzendruber13/www-gitlab-com.git u=https: r=
Check repo : https://gitlab.com/rustinho/tps.git u=https: r=
Check repo : https://gitlab.com/saikrishna4483/www-gitlab-com.git u=https: r=
Check repo : https://gitlab.com/saj.goudarzi/chromium.git u=https: r=
Check repo : https://gitlab.com/sakshiagrawal1812/archives-2022.git u=https: r=
Check repo : https://gitlab.com/saman.aghazadeh/OpenDwarfs.git u=https: r=
Check repo : https://gitlab.com/santana_de_parnaiba/dados_pulbicos.git u=https: r=
Check repo : https://gitlab.com/SauravTuladhar/s2sautomationv10.2.git u=https: r=
Check repo : https://gitlab.com/sdm870/proprietary_vendor_xiaomi.git u=https: r=
Check repo : https://gitlab.com/sergiyb/best-sing.git u=https: r=
Check repo : https://gitlab.com/ShannaL/www-gitlab-com.git u=https: r=
Check repo : https://gitlab.com/shi_raida/ter.git u=https: r=
Check repo : https://gitlab.com/SH_TC/19-builds.git u=https: r=
Check repo : https://gitlab.com/sib-colombia/cortes-trimestrales-datos.git u=https: r=
Check repo : https://gitlab.com/siddhN1811/teknack.git u=https: r=
Check repo : https://gitlab.com/smartiesearchie/www-gitlab-com.git u=https: r=
Check repo : https://gitlab.com/smmac72/tps-demo.git u=https: r=
Check repo : https://gitlab.com/smu44/proprietary_vendor_xiaomi.git u=https: r=
Check repo : https://gitlab.com/snakedota2eyes/tds.git u=https: r=
Check repo : https://gitlab.com/snp5/period-55.git u=https: r=
Check repo : https://gitlab.com/statixos/android_prebuilts_clang_host_linux-x86.git u=https: r=
Check repo : https://gitlab.com/Stillnoproblems/snake_game.git u=https: r=
Check repo : https://gitlab.com/stoccomatis7/proprietary_vendor_xiaomi.git u=https: r=
Check repo : https://gitlab.com/SupaMic/www-gitlab-com.git u=https: r=
Check repo : https://gitlab.com/supriome/wuhan.git u=https: r=
Check repo : https://gitlab.com/TeeFirefly/FireNow-Nougat.git u=https: r=
Check repo : https://gitlab.com/texbarr/www-gitlab-com.git u=https: r=
Check repo : https://gitlab.com/the-alchemist-codes/Japan_old.git u=https: r=
Check repo : https://gitlab.com/Thiru5/solospaceattentiontraininggame.git u=https: r=
Check repo : https://gitlab.com/ThomasAuriel/botelectricity-plots.git u=https: r=
Check repo : https://gitlab.com/TIIGII01/burpsuite.git u=https: r=
Check repo : https://gitlab.com/tmr-quran/audio-arabic-new-zipped.git u=https: r=
Check repo : https://gitlab.com/tnir/www-gitlab-com.git u=https: r=
Check repo : https://gitlab.com/tomasz.skorupa/www-gitlab-com.git u=https: r=
Check repo : https://gitlab.com/tomsabanov/FRI.git u=https: r=
Check repo : https://gitlab.com/traits.zhang/king_rp_rk3399.git u=https: r=
Check repo : https://gitlab.com/ttacker/www-gitlab-com.git u=https: r=
Check repo : https://gitlab.com/txmu/anlinux-resources-images.git u=https: r=
Check repo : https://gitlab.com/UnrealApex/www-gitlab-com.git u=https: r=
Check repo : https://gitlab.com/Urosch/knjige.git u=https: r=
Check repo : https://gitlab.com/varghesejose2020/www-gitlab-com.git u=https: r=
Check repo : https://gitlab.com/Vidyashree.rama/trainingmaterials.git u=https: r=
Check repo : https://gitlab.com/viktor.malik/archives-2022.git u=https: r=
Check repo : https://gitlab.com/vnazar/data-casptone.git u=https: r=
Check repo : https://gitlab.com/vscdb/cmssb_14.git u=https: r=
Check repo : https://gitlab.com/vscdb/cmssb_17.git u=https: r=
Check repo : https://gitlab.com/vscdb/cmssb_1.git u=https: r=
Check repo : https://gitlab.com/vscdb/cmssb_21.git u=https: r=
Check repo : https://gitlab.com/vscdb/cmssb_23.git u=https: r=
Check repo : https://gitlab.com/vscdb/cmssb_27.git u=https: r=
Check repo : https://gitlab.com/vscdb/cmssb_31.git u=https: r=
Check repo : https://gitlab.com/vscdb/cmssb_36.git u=https: r=
Check repo : https://gitlab.com/vscdb/cmssb_4.git u=https: r=
Check repo : https://gitlab.com/vzemlys/covid19lt.git u=https: r=
Check repo : https://gitlab.com/wanderlusttt/proprietary_vendor_xiaomi.git u=https: r=
Check repo : https://gitlab.com/WillenDuan/FireNow-Nougat.git u=https: r=
Check repo : https://gitlab.com/williamwp/render.git u=https: r=
Check repo : https://gitlab.com/wuweidong/h5_android-7.0.git u=https: r=
Check repo : https://gitlab.com/Xenbase/genomics/XENLA_9.2.git u=https: r=
Check repo : https://gitlab.com/xie8025/gitsoft.git u=https: r=
Check repo : https://gitlab.com/xlauko/archives-2021.git u=https: r=
Check repo : https://gitlab.com/xxxgayboy1983/www-gitlab-com.git u=https: r=
Check repo : https://gitlab.com/yhm-amber/Waterfox.git u=https: r=
Check repo : https://gitlab.com/ykompis/ara_models.git u=https: r=
Check repo : https://gitlab.com/yudrex/pacman.git u=https: r=
Check repo : https://gitlab.com/yuqieang/www-gitlab-com.git u=https: r=
Check repo : https://gitlab.com/zctgbhu/RK3328-Nougat.git u=https: r=
Check repo : https://gitlab.com/zdx0401/drug_bert_pretrained.git u=https: r=
Check repo : https://gitlab.com/ziegenberg/www-gitlab-com.git u=https: r=
Check repo : https://gitlab.com/zillemarco/www-gitlab-com.git u=https: r=
Check repo : https://gitlab.com/ZzEdovec/insomnia.git u=https: r=
Check repo : https://gitlab.com/ZZou/twc_22_ns_precoding.git u=https: r=
Check repo : https://gitlab.inria.fr/cdealmei/tracking.git u=https: r=
Check repo : https://gitlab.inria.fr/crv14/evaluation.git u=https: r=
Check repo : https://gitlab.inria.fr/sallayen/generate_dataset.git u=https: r=
Check repo : https://git.launchpad.net/~abreu-alexandre/oxide/+git/chromium u=https: r=
Check repo : https://git.launchpad.net/~hikiko/chromium-mir u=https: r=
Check repo : https://git.launchpad.net/~osomon/oxide/+git/chromium u=https: r=
Check repo : https://git.launchpad.net/~oxide-developers/oxide/+git/chromium u=https: r=
Check repo : https://git.launchpad.net/ozone-mir u=https: r=
Check repo : https://git.launchpad.net/~santoshbit2007/oxide/+git/chromium u=https: r=
Check repo : https://git.yoctoproject.org/git/yocto-testresults u=https: r=
